{
  "RSpec": {
    "coverage": {
      "/Users/student/Documents/Makers/Week_10/bank_tech_test/spec/account_spec.rb": [
        1,
        null,
        1,
        7,
        7,
        7,
        null,
        null,
        null,
        7,
        null,
        1,
        1,
        null,
        null,
        1,
        4,
        null,
        null,
        1,
        1,
        4,
        null,
        null,
        1,
        1,
        2,
        null,
        null,
        1,
        1,
        1,
        null,
        null,
        1,
        1,
        1,
        null,
        null,
        null
      ],
      "/Users/student/Documents/Makers/Week_10/bank_tech_test/lib/account.rb": [
        null,
        null,
        1,
        1,
        1,
        1,
        null,
        1,
        6,
        6,
        6,
        6,
        null,
        null,
        1,
        5,
        5,
        5,
        null,
        null,
        1,
        2,
        1,
        1,
        1,
        null,
        null,
        1,
        1,
        null,
        null,
        1,
        5,
        null,
        null,
        1,
        1,
        null,
        null,
        1,
        5,
        null,
        null,
        1,
        1,
        null,
        null,
        1,
        6,
        null,
        null
      ],
      "/Users/student/Documents/Makers/Week_10/bank_tech_test/lib/statement.rb": [
        null,
        null,
        1,
        1,
        1,
        1,
        null,
        1,
        2,
        2,
        null,
        null,
        1,
        2,
        null,
        null,
        1,
        2,
        3,
        null,
        null,
        2,
        null,
        null
      ],
      "/Users/student/Documents/Makers/Week_10/bank_tech_test/lib/transaction.rb": [
        null,
        null,
        1,
        1,
        null,
        1,
        1,
        1,
        1,
        1,
        null,
        null
      ],
      "/Users/student/Documents/Makers/Week_10/bank_tech_test/spec/statement_spec.rb": [
        1,
        null,
        1,
        2,
        2,
        1,
        1,
        null,
        null,
        null,
        1,
        1,
        null,
        null,
        null,
        null,
        1,
        1,
        null,
        null,
        null,
        null
      ],
      "/Users/student/Documents/Makers/Week_10/bank_tech_test/spec/transaction_spec.rb": [
        1,
        null,
        1,
        2,
        1,
        null,
        1,
        1,
        1,
        1,
        1,
        null,
        null,
        null,
        null,
        null
      ]
    },
    "timestamp": 1576668970
  }
}
